# JRE version: Java(TM) SE Runtime Environment 18.9 (11.0.13+10) (build 11.0.13+10-LTS-370)
# Java VM: Java HotSpot(TM) 64-Bit Server VM 18.9 (11.0.13+10-LTS-370, mixed mode, tiered, compressed oops, g1 gc, bsd-amd64)
Heap:
 garbage-first heap   total 131072K, used 49317K [0x0000000780000000, 0x0000000800000000)
  region size 1024K, 40 young (40960K), 5 survivors (5120K)
 Metaspace       used 33368K, capacity 34893K, committed 35072K, reserved 1079296K
  class space    used 4348K, capacity 5031K, committed 5120K, reserved 1048576K
GC Heap History (6 events):
Event: 0.996 GC heap before
{Heap before GC invocations=0 (full 0):
 garbage-first heap   total 131072K, used 13312K [0x0000000780000000, 0x0000000800000000)
  region size 1024K, 14 young (14336K), 0 survivors (0K)
 Metaspace       used 9302K, capacity 9577K, committed 9728K, reserved 1058816K
  class space    used 906K, capacity 1001K, committed 1024K, reserved 1048576K
}
Event: 1.000 GC heap after
{Heap after GC invocations=1 (full 0):
 garbage-first heap   total 131072K, used 3721K [0x0000000780000000, 0x0000000800000000)
  region size 1024K, 2 young (2048K), 2 survivors (2048K)
 Metaspace       used 9302K, capacity 9577K, committed 9728K, reserved 1058816K
  class space    used 906K, capacity 1001K, committed 1024K, reserved 1048576K
}
Event: 2.192 GC heap before
{Heap before GC invocations=1 (full 0):
 garbage-first heap   total 131072K, used 34441K [0x0000000780000000, 0x0000000800000000)
  region size 1024K, 33 young (33792K), 2 survivors (2048K)
 Metaspace       used 20519K, capacity 21049K, committed 21248K, reserved 1069056K
  class space    used 2246K, capacity 2480K, committed 2560K, reserved 1048576K
}
Event: 2.206 GC heap after
{Heap after GC invocations=2 (full 0):
 garbage-first heap   total 131072K, used 6844K [0x0000000780000000, 0x0000000800000000)
  region size 1024K, 6 young (6144K), 6 survivors (6144K)
 Metaspace       used 20519K, capacity 21049K, committed 21248K, reserved 1069056K
  class space    used 2246K, capacity 2480K, committed 2560K, reserved 1048576K
}
Event: 3.554 GC heap before
{Heap before GC invocations=3 (full 0):
 garbage-first heap   total 131072K, used 40636K [0x0000000780000000, 0x0000000800000000)
  region size 1024K, 39 young (39936K), 6 survivors (6144K)
 Metaspace       used 27599K, capacity 28611K, committed 28928K, reserved 1075200K
  class space    used 3532K, capacity 3984K, committed 4096K, reserved 1048576K
}
Event: 3.578 GC heap after
{Heap after GC invocations=4 (full 0):
 garbage-first heap   total 131072K, used 11429K [0x0000000780000000, 0x0000000800000000)
  region size 1024K, 5 young (5120K), 5 survivors (5120K)
 Metaspace       used 27599K, capacity 28611K, committed 28928K, reserved 1075200K
  class space    used 3532K, capacity 3984K, committed 4096K, reserved 1048576K
}

